<?xml version="1.0" encoding="UTF-8"?>
<testng-results skipped="0" failed="0" total="2" passed="2">
  <reporter-output>
  </reporter-output>
  <suite name="Default suite" duration-ms="16399" started-at="2014-11-18T00:53:46Z" finished-at="2014-11-18T00:54:02Z">
    <groups>
    </groups>
    <test name="Default test" duration-ms="16399" started-at="2014-11-18T00:53:46Z" finished-at="2014-11-18T00:54:02Z">
      <class name="testCases.VerifySearchResult">
        <test-method status="PASS" signature="beforeClass()[pri:0, instance:testCases.VerifySearchResult@6aceb1a5]" name="beforeClass" is-config="true" duration-ms="8118" started-at="2014-11-17T16:53:46Z" finished-at="2014-11-17T16:53:54Z">
          <reporter-output>
          </reporter-output>
        </test-method> <!-- beforeClass -->
        <test-method status="PASS" signature="verifyItems()[pri:0, instance:testCases.VerifySearchResult@6aceb1a5]" name="verifyItems" duration-ms="7648" started-at="2014-11-17T16:53:54Z" finished-at="2014-11-17T16:54:02Z">
          <reporter-output>
          </reporter-output>
        </test-method> <!-- verifyItems -->
        <test-method status="PASS" signature="verifyResultInfo()[pri:0, instance:testCases.VerifySearchResult@6aceb1a5]" name="verifyResultInfo" duration-ms="1" started-at="2014-11-17T16:54:02Z" finished-at="2014-11-17T16:54:02Z">
          <reporter-output>
          </reporter-output>
        </test-method> <!-- verifyResultInfo -->
        <test-method status="PASS" signature="afterClass()[pri:0, instance:testCases.VerifySearchResult@6aceb1a5]" name="afterClass" is-config="true" duration-ms="618" started-at="2014-11-17T16:54:02Z" finished-at="2014-11-17T16:54:02Z">
          <reporter-output>
          </reporter-output>
        </test-method> <!-- afterClass -->
      </class> <!-- testCases.VerifySearchResult -->
    </test> <!-- Default test -->
  </suite> <!-- Default suite -->
</testng-results>
