<?xml version="1.0" encoding="UTF-8"?>
<testng-results skipped="0" failed="0" total="2" passed="2">
  <reporter-output>
  </reporter-output>
  <suite name="Default suite" duration-ms="31114" started-at="2014-11-17T19:17:50Z" finished-at="2014-11-17T19:18:21Z">
    <groups>
    </groups>
    <test name="Default test" duration-ms="31114" started-at="2014-11-17T19:17:50Z" finished-at="2014-11-17T19:18:21Z">
      <class name="testCases.VerifySearchResult">
        <test-method status="PASS" signature="beforeClass()[pri:0, instance:testCases.VerifySearchResult@6ad5c04e]" name="beforeClass" is-config="true" duration-ms="20116" started-at="2014-11-17T11:17:50Z" finished-at="2014-11-17T11:18:10Z">
          <reporter-output>
          </reporter-output>
        </test-method> <!-- beforeClass -->
        <test-method status="PASS" signature="verifyResultInfo()[pri:0, instance:testCases.VerifySearchResult@6ad5c04e]" name="verifyResultInfo" duration-ms="29" started-at="2014-11-17T11:18:10Z" finished-at="2014-11-17T11:18:10Z">
          <reporter-output>
          </reporter-output>
        </test-method> <!-- verifyResultInfo -->
        <test-method status="PASS" signature="verifySearchTerm()[pri:0, instance:testCases.VerifySearchResult@6ad5c04e]" name="verifySearchTerm" duration-ms="10486" started-at="2014-11-17T11:18:10Z" finished-at="2014-11-17T11:18:21Z">
          <reporter-output>
          </reporter-output>
        </test-method> <!-- verifySearchTerm -->
        <test-method status="PASS" signature="afterClass()[pri:0, instance:testCases.VerifySearchResult@6ad5c04e]" name="afterClass" is-config="true" duration-ms="467" started-at="2014-11-17T11:18:21Z" finished-at="2014-11-17T11:18:21Z">
          <reporter-output>
          </reporter-output>
        </test-method> <!-- afterClass -->
      </class> <!-- testCases.VerifySearchResult -->
    </test> <!-- Default test -->
  </suite> <!-- Default suite -->
</testng-results>
